<?xml version="1.0" encoding="UTF-8"?>
<testsuite xmlns:xsi="http://www.w3.org/2001/XMLSchema-instance" xsi:noNamespaceSchemaLocation="https://maven.apache.org/surefire/maven-surefire-plugin/xsd/surefire-test-report-3.0.xsd" version="3.0" name="com.example.array.BinarySearchTests" time="0.049" tests="8" errors="0" skipped="0" failures="0">
  <properties>
[...]
</properties>
  <testcase name="testBinarySearchInt" classname="com.example.array.BinarySearchTests" time="0.024"/>
  <testcase name="testBinarySearchFloat" classname="com.example.array.BinarySearchTests" time="0.001"/>
  <testcase name="testBinarySearchShort" classname="com.example.array.BinarySearchTests" time="0.001"/>
  <testcase name="testBinarySearchDouble" classname="com.example.array.BinarySearchTests" time="0.001"/>
  <testcase name="testBinarySearchGeneric" classname="com.example.array.BinarySearchTests" time="0.001"/>
  <testcase name="testBinarySearchByte" classname="com.example.array.BinarySearchTests" time="0.001"/>
  <testcase name="testBinarySearchChar" classname="com.example.array.BinarySearchTests" time="0.001"/>
  <testcase name="testBinarySearchLong" classname="com.example.array.BinarySearchTests" time="0.0"/>
</testsuite>